<?xml version="1.0" encoding="UTF-8"?>
<!-- Generated by org.testng.reporters.JUnitXMLReporter -->
<testsuite ignored="0" hostname="TYSS-Kalpak-H-M" failures="0" tests="4" name="Test" time="3.622" errors="0" timestamp="2026-06-05T18:49:19 IST">
  <testcase classname="apichaining.Users_Create" name="create" time="2.416"/>
  <testcase classname="apichaining.Users_Get" name="get" time="0.494"/>
  <testcase classname="apichaining.Users_Update" name="update" time="0.324"/>
  <testcase classname="apichaining.Users_Delete" name="delete" time="0.344"/>
</testsuite> <!-- Test -->
