<?xml version="1.0" encoding="UTF-8"?>
<testng-results ignored="0" total="2" passed="2" failed="0" skipped="0">
  <reporter-output>
  </reporter-output>
  <suite started-at="2026-05-16T20:19:50 IST" name="Default suite" finished-at="2026-05-16T20:19:55 IST" duration-ms="5312">
    <groups>
    </groups>
    <test started-at="2026-05-16T20:19:50 IST" name="Default test" finished-at="2026-05-16T20:19:55 IST" duration-ms="5312">
      <class name="pojo.OrderTest">
        <test-method signature="createOrderUsingPojo()[pri:0, instance:pojo.OrderTest@4ec4f3a0]" started-at="2026-05-16T20:19:50 IST" name="createOrderUsingPojo" finished-at="2026-05-16T20:19:53 IST" duration-ms="3736" status="PASS">
          <reporter-output>
          </reporter-output>
        </test-method> <!-- createOrderUsingPojo -->
        <test-method signature="getOrderTest()[pri:0, instance:pojo.OrderTest@4ec4f3a0]" started-at="2026-05-16T20:19:53 IST" name="getOrderTest" finished-at="2026-05-16T20:19:55 IST" duration-ms="1538" status="PASS">
          <reporter-output>
          </reporter-output>
        </test-method> <!-- getOrderTest -->
      </class> <!-- pojo.OrderTest -->
    </test> <!-- Default test -->
  </suite> <!-- Default suite -->
</testng-results>
