<?xml version="1.0" encoding="UTF-8"?>
<testng-results ignored="0" total="1" passed="1" failed="0" skipped="0">
  <reporter-output>
  </reporter-output>
  <suite started-at="2026-05-29T13:35:52 IST" name="Default suite" finished-at="2026-05-29T13:35:55 IST" duration-ms="3535">
    <groups>
    </groups>
    <test started-at="2026-05-29T13:35:52 IST" name="Default test" finished-at="2026-05-29T13:35:55 IST" duration-ms="3535">
      <class name="faker.FakerTest">
        <test-method signature="petSwag()[pri:0, instance:faker.FakerTest@4efbca5a]" started-at="2026-05-29T13:35:52 IST" name="petSwag" finished-at="2026-05-29T13:35:55 IST" duration-ms="3495" status="PASS">
          <reporter-output>
          </reporter-output>
        </test-method> <!-- petSwag -->
      </class> <!-- faker.FakerTest -->
    </test> <!-- Default test -->
  </suite> <!-- Default suite -->
</testng-results>
