<?xml version="1.0" encoding="UTF-8"?>
<!-- Generated by org.testng.reporters.JUnitReportReporter -->
<testsuite hostname="TYSS-Kalpak-H-M" failures="0" tests="4" name="req_Res.set_api_key" time="3.779" errors="0" timestamp="2026-04-26T09:45:50 IST" skipped="0">
  <testcase classname="req_Res.set_api_key" name="updateData" time="0.528"/>
  <testcase classname="req_Res.set_api_key" name="deleteData" time="0.303"/>
  <testcase classname="req_Res.set_api_key" name="getusers" time="2.115"/>
  <testcase classname="req_Res.set_api_key" name="postData" time="0.833"/>
</testsuite> <!-- req_Res.set_api_key -->
