<?xml version="1.0" encoding="UTF-8"?>
<!-- Generated by org.testng.reporters.JUnitReportReporter -->
<testsuite hostname="TYSS-Kalpak-H-M" failures="0" tests="4" name="req_Res.set_api_key" time="2.579" errors="0" timestamp="2026-05-28T12:52:49 IST" skipped="0">
  <testcase classname="req_Res.set_api_key" name="updateData" time="0.343"/>
  <testcase classname="req_Res.set_api_key" name="deleteData" time="0.342"/>
  <testcase classname="req_Res.set_api_key" name="getusers" time="0.485"/>
  <testcase classname="req_Res.set_api_key" name="postData" time="1.409"/>
</testsuite> <!-- req_Res.set_api_key -->
