<?xml version="1.0" encoding="UTF-8"?>
<!-- Generated by org.testng.reporters.JUnitReportReporter -->
<testsuite hostname="TYSS-Kalpak-H-M" failures="0" tests="3" name="parsingResponseJSONdata.Parsing_JsonObject" time="0.485" errors="0" timestamp="2026-05-28T12:52:49 IST" skipped="0">
  <testcase classname="parsingResponseJSONdata.Parsing_JsonObject" name="JSONObject_all" time="0.375"/>
  <testcase classname="parsingResponseJSONdata.Parsing_JsonObject" name="JSONObject_search_name" time="0.055"/>
  <testcase classname="parsingResponseJSONdata.Parsing_JsonObject" name="JSONObject_total" time="0.055"/>
</testsuite> <!-- parsingResponseJSONdata.Parsing_JsonObject -->
