<?xml version="1.0" encoding="UTF-8"?>
<!-- Generated by org.testng.reporters.JUnitReportReporter -->
<testsuite hostname="TYSS-Kalpak-H-M" failures="0" tests="2" name="authorization.BearerToken" time="2.469" errors="0" timestamp="2026-05-28T15:03:09 IST" skipped="0">
  <testcase classname="authorization.BearerToken" name="testOAuth2" time="0.524"/>
  <testcase classname="authorization.BearerToken" name="testBearerTokenAuthentication" time="1.945"/>
</testsuite> <!-- authorization.BearerToken -->
