<?xml version="1.0" encoding="UTF-8"?>
<!-- Generated by org.testng.reporters.JUnitReportReporter -->
<testsuite hostname="Kirans-MacBook-Pro.local" failures="0" tests="3" name="parsingResponseJSONdata.Parsing_JsonObject" time="2.007" errors="0" timestamp="2026-05-27T13:08:56 IST" skipped="0">
  <testcase classname="parsingResponseJSONdata.Parsing_JsonObject" name="JSONObject_all" time="1.435"/>
  <testcase classname="parsingResponseJSONdata.Parsing_JsonObject" name="JSONObject_search_name" time="0.477"/>
  <testcase classname="parsingResponseJSONdata.Parsing_JsonObject" name="JSONObject_total" time="0.095"/>
</testsuite> <!-- parsingResponseJSONdata.Parsing_JsonObject -->
